<?xml version="1.0" encoding="UTF-8"?>
<testng-results skipped="0" failed="0" ignored="0" total="1" passed="1">
  <reporter-output>
  </reporter-output>
  <suite name="Spicejet" duration-ms="58506" started-at="2021-09-08T21:29:20 IST" finished-at="2021-09-08T21:30:19 IST">
    <groups>
    </groups>
    <test name="Test" duration-ms="58506" started-at="2021-09-08T21:29:20 IST" finished-at="2021-09-08T21:30:19 IST">
      <class name="com.qa.testscript.TC_FlightStatus_003_01">
        <test-method status="PASS" signature="setUp(java.lang.String)[pri:0, instance:com.qa.testscript.TC_FlightStatus_003_01@545997b1]" name="setUp" is-config="true" duration-ms="35219" started-at="2021-09-08T21:29:20 IST" finished-at="2021-09-08T21:29:55 IST">
          <params>
            <param index="0">
              <value>
                <![CDATA[https://beta.spicejet.com/]]>
              </value>
            </param>
          </params>
          <reporter-output>
          </reporter-output>
        </test-method> <!-- setUp -->
        <test-method status="PASS" signature="flight_Status()[pri:0, instance:com.qa.testscript.TC_FlightStatus_003_01@545997b1]" name="flight_Status" duration-ms="20939" started-at="2021-09-08T21:29:55 IST" finished-at="2021-09-08T21:30:16 IST">
          <reporter-output>
          </reporter-output>
        </test-method> <!-- flight_Status -->
        <test-method status="PASS" signature="tearDown()[pri:0, instance:com.qa.testscript.TC_FlightStatus_003_01@545997b1]" name="tearDown" is-config="true" duration-ms="2212" started-at="2021-09-08T21:30:16 IST" finished-at="2021-09-08T21:30:19 IST">
          <reporter-output>
          </reporter-output>
        </test-method> <!-- tearDown -->
      </class> <!-- com.qa.testscript.TC_FlightStatus_003_01 -->
    </test> <!-- Test -->
  </suite> <!-- Spicejet -->
</testng-results>
